<?xml version="1.0" encoding="UTF-8"?>
<testsuite name="com.example.Test_Project_2.MainPageTest" tests="1" skipped="0" failures="0" errors="0" timestamp="2021-01-08T14:53:24" hostname="vzmcvs-MacBook-Pro.local" time="9.856">
  <properties/>
  <testcase name="search()" classname="com.example.Test_Project_2.MainPageTest" time="9.856"/>
  <system-out><![CDATA[]]></system-out>
  <system-err><![CDATA[[Test worker] INFO com.codeborne.selenide.impl.WebDriverThreadLocalContainer - No webdriver is bound to current thread: 14 - let's create a new webdriver
[Test worker] INFO com.codeborne.selenide.impl.FileHelper - Creating folder: /Users/vzmcv/IdeaProjects/Test_project_2/build/downloads/1610117605048_6527_14
[Test worker] INFO io.github.bonigarcia.wdm.WebDriverManager - Using chromedriver 87.0.4280.88 (resolved driver for Chrome 87)
[Test worker] INFO io.github.bonigarcia.wdm.WebDriverManager - Exporting webdriver.chrome.driver as /Users/vzmcv/.cache/selenium/chromedriver/mac64/87.0.4280.88/chromedriver
[Test worker] INFO com.codeborne.selenide.webdriver.AbstractDriverFactory - Write webdriver logs to: /Users/vzmcv/IdeaProjects/Test_project_2/build/reports/tests/webdriver.1610117605643_6527_14.log
Starting ChromeDriver 87.0.4280.88 (89e2380a3e36c3464b5dd1302349b1382549290d-refs/branch-heads/4280@{#1761}) on port 39925
Only local connections are allowed.
Please see https://chromedriver.chromium.org/security-considerations for suggestions on keeping ChromeDriver safe.
ChromeDriver was started successfully.
Jan 08, 2021 5:53:27 PM org.openqa.selenium.remote.ProtocolHandshake createSession
INFO: Detected dialect: W3C
[Test worker] INFO com.codeborne.selenide.webdriver.WebDriverFactory - BrowserName=chrome Version=87.0.4280.141 Platform=MAC
[Test worker] INFO com.codeborne.selenide.webdriver.WebDriverFactory - Selenide v. 5.16.2
[Test worker] INFO com.codeborne.selenide.webdriver.WebDriverFactory - Selenium WebDriver v. 3.141.59 build time: 2018-11-14T08:17:03
[Test worker] INFO com.codeborne.selenide.drivercommands.CreateDriverCommand - Create webdriver in current thread 14: ChromeDriver -> ChromeDriver: chrome on MAC (79a22789a7f1505eb5857e8211cc83f4)
]]></system-err>
</testsuite>
